2020-12-06 10:38:14.024  INFO 10064 --- [restartedMain] com.udemy.SpringBootLabApplication       : Starting SpringBootLabApplication using Java 1.8.0_231 on LAPTOP-A1HH8E3B with PID 10064 (D:\GitHub\Spring-Boot-Lab\target\classes started by Kyle in D:\GitHub\Spring-Boot-Lab)
2020-12-06 10:38:14.036 DEBUG 10064 --- [restartedMain] com.udemy.SpringBootLabApplication       : Running with Spring Boot v2.4.0, Spring v5.3.1
2020-12-06 10:38:14.037  INFO 10064 --- [restartedMain] com.udemy.SpringBootLabApplication       : No active profile set, falling back to default profiles: default
2020-12-06 10:38:14.126  INFO 10064 --- [restartedMain] .e.DevToolsPropertyDefaultsPostProcessor : Devtools property defaults active! Set 'spring.devtools.add-properties' to 'false' to disable
2020-12-06 10:38:14.139  INFO 10064 --- [restartedMain] .e.DevToolsPropertyDefaultsPostProcessor : For additional web related logging consider setting the 'logging.level.web' property to 'DEBUG'
2020-12-06 10:38:15.377  INFO 10064 --- [restartedMain] .s.d.r.c.RepositoryConfigurationDelegate : Bootstrapping Spring Data JPA repositories in DEFERRED mode.
2020-12-06 10:38:15.483  INFO 10064 --- [restartedMain] .s.d.r.c.RepositoryConfigurationDelegate : Finished Spring Data repository scanning in 89 ms. Found 1 JPA repository interfaces.
2020-12-06 10:38:17.297  INFO 10064 --- [restartedMain] o.s.b.w.embedded.tomcat.TomcatWebServer  : Tomcat initialized with port(s): 8082 (http)
2020-12-06 10:38:17.321  INFO 10064 --- [restartedMain] o.apache.catalina.core.StandardService   : Starting service [Tomcat]
2020-12-06 10:38:17.323  INFO 10064 --- [restartedMain] org.apache.catalina.core.StandardEngine  : Starting Servlet engine: [Apache Tomcat/9.0.39]
2020-12-06 10:38:17.515  INFO 10064 --- [restartedMain] o.a.c.c.C.[Tomcat].[localhost].[/api]    : Initializing Spring embedded WebApplicationContext
2020-12-06 10:38:17.515  INFO 10064 --- [restartedMain] w.s.c.ServletWebServerApplicationContext : Root WebApplicationContext: initialization completed in 3374 ms
2020-12-06 10:38:17.976  INFO 10064 --- [restartedMain] o.s.s.concurrent.ThreadPoolTaskExecutor  : Initializing ExecutorService 'applicationTaskExecutor'
2020-12-06 10:38:18.090  INFO 10064 --- [task-1] o.hibernate.jpa.internal.util.LogHelper  : HHH000204: Processing PersistenceUnitInfo [name: default]
2020-12-06 10:38:18.352  INFO 10064 --- [task-1] org.hibernate.Version                    : HHH000412: Hibernate ORM core version 5.4.23.Final
2020-12-06 10:38:18.377  WARN 10064 --- [restartedMain] JpaBaseConfiguration$JpaWebConfiguration : spring.jpa.open-in-view is enabled by default. Therefore, database queries may be performed during view rendering. Explicitly configure spring.jpa.open-in-view to disable this warning
2020-12-06 10:38:18.717  INFO 10064 --- [task-1] o.hibernate.annotations.common.Version   : HCANN000001: Hibernate Commons Annotations {5.1.2.Final}
2020-12-06 10:38:18.972  INFO 10064 --- [task-1] com.zaxxer.hikari.HikariDataSource       : HikariPool-1 - Starting...
2020-12-06 10:38:19.195  INFO 10064 --- [restartedMain] o.s.b.d.a.OptionalLiveReloadServer       : LiveReload server is running on port 35729
2020-12-06 10:38:19.309  INFO 10064 --- [restartedMain] o.s.b.w.embedded.tomcat.TomcatWebServer  : Tomcat started on port(s): 8082 (http) with context path '/api'
2020-12-06 10:38:19.314  INFO 10064 --- [restartedMain] DeferredRepositoryInitializationListener : Triggering deferred initialization of Spring Data repositories…
2020-12-06 10:38:20.122  INFO 10064 --- [task-1] com.zaxxer.hikari.HikariDataSource       : HikariPool-1 - Start completed.
2020-12-06 10:38:20.194  INFO 10064 --- [task-1] org.hibernate.dialect.Dialect            : HHH000400: Using dialect: org.hibernate.dialect.SQLServer2012Dialect
2020-12-06 10:38:22.061  INFO 10064 --- [task-1] o.h.e.t.j.p.i.JtaPlatformInitiator       : HHH000490: Using JtaPlatform implementation: [org.hibernate.engine.transaction.jta.platform.internal.NoJtaPlatform]
2020-12-06 10:38:22.086  INFO 10064 --- [task-1] j.LocalContainerEntityManagerFactoryBean : Initialized JPA EntityManagerFactory for persistence unit 'default'
2020-12-06 10:38:23.352  INFO 10064 --- [restartedMain] DeferredRepositoryInitializationListener : Spring Data repositories initialized!
2020-12-06 10:38:23.369  INFO 10064 --- [restartedMain] com.udemy.SpringBootLabApplication       : Started SpringBootLabApplication in 10.207 seconds (JVM running for 11.256)
2020-12-06 10:40:05.123  INFO 10064 --- [http-nio-8082-exec-1] o.a.c.c.C.[Tomcat].[localhost].[/api]    : Initializing Spring DispatcherServlet 'dispatcherServlet'
2020-12-06 10:40:05.124  INFO 10064 --- [http-nio-8082-exec-1] o.s.web.servlet.DispatcherServlet        : Initializing Servlet 'dispatcherServlet'
2020-12-06 10:40:05.127  INFO 10064 --- [http-nio-8082-exec-1] o.s.web.servlet.DispatcherServlet        : Completed initialization in 3 ms
2020-12-06 10:44:04.828  INFO 6744 --- [restartedMain] com.udemy.SpringBootLabApplication       : Starting SpringBootLabApplication using Java 1.8.0_231 on LAPTOP-A1HH8E3B with PID 6744 (D:\GitHub\Spring-Boot-Lab\target\classes started by Kyle in D:\GitHub\Spring-Boot-Lab)
2020-12-06 10:44:04.833 DEBUG 6744 --- [restartedMain] com.udemy.SpringBootLabApplication       : Running with Spring Boot v2.4.0, Spring v5.3.1
2020-12-06 10:44:04.833  INFO 6744 --- [restartedMain] com.udemy.SpringBootLabApplication       : No active profile set, falling back to default profiles: default
2020-12-06 10:44:04.931  INFO 6744 --- [restartedMain] .e.DevToolsPropertyDefaultsPostProcessor : Devtools property defaults active! Set 'spring.devtools.add-properties' to 'false' to disable
2020-12-06 10:44:04.931  INFO 6744 --- [restartedMain] .e.DevToolsPropertyDefaultsPostProcessor : For additional web related logging consider setting the 'logging.level.web' property to 'DEBUG'
2020-12-06 10:44:06.150  INFO 6744 --- [restartedMain] .s.d.r.c.RepositoryConfigurationDelegate : Bootstrapping Spring Data JPA repositories in DEFERRED mode.
2020-12-06 10:44:06.253  INFO 6744 --- [restartedMain] .s.d.r.c.RepositoryConfigurationDelegate : Finished Spring Data repository scanning in 84 ms. Found 1 JPA repository interfaces.
2020-12-06 10:44:07.962  INFO 6744 --- [restartedMain] o.s.b.w.embedded.tomcat.TomcatWebServer  : Tomcat initialized with port(s): 8082 (http)
2020-12-06 10:44:07.986  INFO 6744 --- [restartedMain] o.apache.catalina.core.StandardService   : Starting service [Tomcat]
2020-12-06 10:44:07.986  INFO 6744 --- [restartedMain] org.apache.catalina.core.StandardEngine  : Starting Servlet engine: [Apache Tomcat/9.0.39]
2020-12-06 10:44:08.169  INFO 6744 --- [restartedMain] o.a.c.c.C.[Tomcat].[localhost].[/api]    : Initializing Spring embedded WebApplicationContext
2020-12-06 10:44:08.169  INFO 6744 --- [restartedMain] w.s.c.ServletWebServerApplicationContext : Root WebApplicationContext: initialization completed in 3237 ms
2020-12-06 10:44:08.625  INFO 6744 --- [restartedMain] o.s.s.concurrent.ThreadPoolTaskExecutor  : Initializing ExecutorService 'applicationTaskExecutor'
2020-12-06 10:44:08.720  INFO 6744 --- [task-1] o.hibernate.jpa.internal.util.LogHelper  : HHH000204: Processing PersistenceUnitInfo [name: default]
2020-12-06 10:44:08.974  WARN 6744 --- [restartedMain] JpaBaseConfiguration$JpaWebConfiguration : spring.jpa.open-in-view is enabled by default. Therefore, database queries may be performed during view rendering. Explicitly configure spring.jpa.open-in-view to disable this warning
2020-12-06 10:44:08.984  INFO 6744 --- [task-1] org.hibernate.Version                    : HHH000412: Hibernate ORM core version 5.4.23.Final
2020-12-06 10:44:09.334  INFO 6744 --- [task-1] o.hibernate.annotations.common.Version   : HCANN000001: Hibernate Commons Annotations {5.1.2.Final}
2020-12-06 10:44:09.593  INFO 6744 --- [task-1] com.zaxxer.hikari.HikariDataSource       : HikariPool-1 - Starting...
2020-12-06 10:44:09.763  INFO 6744 --- [restartedMain] o.s.b.d.a.OptionalLiveReloadServer       : LiveReload server is running on port 35729
2020-12-06 10:44:09.856  INFO 6744 --- [restartedMain] o.s.b.w.embedded.tomcat.TomcatWebServer  : Tomcat started on port(s): 8082 (http) with context path '/api'
2020-12-06 10:44:09.893  INFO 6744 --- [restartedMain] DeferredRepositoryInitializationListener : Triggering deferred initialization of Spring Data repositories…
2020-12-06 10:44:10.718  INFO 6744 --- [task-1] com.zaxxer.hikari.HikariDataSource       : HikariPool-1 - Start completed.
2020-12-06 10:44:10.797  INFO 6744 --- [task-1] org.hibernate.dialect.Dialect            : HHH000400: Using dialect: org.hibernate.dialect.SQLServer2012Dialect
2020-12-06 10:44:12.182  INFO 6744 --- [task-1] o.h.e.t.j.p.i.JtaPlatformInitiator       : HHH000490: Using JtaPlatform implementation: [org.hibernate.engine.transaction.jta.platform.internal.NoJtaPlatform]
2020-12-06 10:44:12.197  INFO 6744 --- [task-1] j.LocalContainerEntityManagerFactoryBean : Initialized JPA EntityManagerFactory for persistence unit 'default'
2020-12-06 10:44:13.289  INFO 6744 --- [restartedMain] DeferredRepositoryInitializationListener : Spring Data repositories initialized!
2020-12-06 10:44:13.320  INFO 6744 --- [restartedMain] com.udemy.SpringBootLabApplication       : Started SpringBootLabApplication in 9.34 seconds (JVM running for 10.418)
2020-12-06 10:44:24.478  INFO 6744 --- [http-nio-8082-exec-1] o.a.c.c.C.[Tomcat].[localhost].[/api]    : Initializing Spring DispatcherServlet 'dispatcherServlet'
2020-12-06 10:44:24.478  INFO 6744 --- [http-nio-8082-exec-1] o.s.web.servlet.DispatcherServlet        : Initializing Servlet 'dispatcherServlet'
2020-12-06 10:44:24.480  INFO 6744 --- [http-nio-8082-exec-1] o.s.web.servlet.DispatcherServlet        : Completed initialization in 2 ms
2020-12-06 11:46:15.956  INFO 5732 --- [restartedMain] com.udemy.SpringBootLabApplication       : Starting SpringBootLabApplication using Java 1.8.0_231 on LAPTOP-A1HH8E3B with PID 5732 (D:\GitHub\Spring-Boot-Lab\target\classes started by Kyle in D:\GitHub\Spring-Boot-Lab)
2020-12-06 11:46:15.975 DEBUG 5732 --- [restartedMain] com.udemy.SpringBootLabApplication       : Running with Spring Boot v2.4.0, Spring v5.3.1
2020-12-06 11:46:15.976  INFO 5732 --- [restartedMain] com.udemy.SpringBootLabApplication       : No active profile set, falling back to default profiles: default
2020-12-06 11:46:16.075  INFO 5732 --- [restartedMain] .e.DevToolsPropertyDefaultsPostProcessor : Devtools property defaults active! Set 'spring.devtools.add-properties' to 'false' to disable
2020-12-06 11:46:16.076  INFO 5732 --- [restartedMain] .e.DevToolsPropertyDefaultsPostProcessor : For additional web related logging consider setting the 'logging.level.web' property to 'DEBUG'
2020-12-06 11:46:17.621  INFO 5732 --- [restartedMain] .s.d.r.c.RepositoryConfigurationDelegate : Bootstrapping Spring Data JPA repositories in DEFERRED mode.
2020-12-06 11:46:17.743  INFO 5732 --- [restartedMain] .s.d.r.c.RepositoryConfigurationDelegate : Finished Spring Data repository scanning in 101 ms. Found 1 JPA repository interfaces.
2020-12-06 11:46:19.553  INFO 5732 --- [restartedMain] o.s.b.w.embedded.tomcat.TomcatWebServer  : Tomcat initialized with port(s): 8082 (http)
2020-12-06 11:46:19.581  INFO 5732 --- [restartedMain] o.apache.catalina.core.StandardService   : Starting service [Tomcat]
2020-12-06 11:46:19.582  INFO 5732 --- [restartedMain] org.apache.catalina.core.StandardEngine  : Starting Servlet engine: [Apache Tomcat/9.0.39]
2020-12-06 11:46:19.774  INFO 5732 --- [restartedMain] o.a.c.c.C.[Tomcat].[localhost].[/api]    : Initializing Spring embedded WebApplicationContext
2020-12-06 11:46:19.774  INFO 5732 --- [restartedMain] w.s.c.ServletWebServerApplicationContext : Root WebApplicationContext: initialization completed in 3696 ms
2020-12-06 11:46:20.242  INFO 5732 --- [restartedMain] o.s.s.concurrent.ThreadPoolTaskExecutor  : Initializing ExecutorService 'applicationTaskExecutor'
2020-12-06 11:46:20.360  INFO 5732 --- [task-1] o.hibernate.jpa.internal.util.LogHelper  : HHH000204: Processing PersistenceUnitInfo [name: default]
2020-12-06 11:46:20.627  INFO 5732 --- [task-1] org.hibernate.Version                    : HHH000412: Hibernate ORM core version 5.4.23.Final
2020-12-06 11:46:20.647  WARN 5732 --- [restartedMain] JpaBaseConfiguration$JpaWebConfiguration : spring.jpa.open-in-view is enabled by default. Therefore, database queries may be performed during view rendering. Explicitly configure spring.jpa.open-in-view to disable this warning
2020-12-06 11:46:20.998  INFO 5732 --- [task-1] o.hibernate.annotations.common.Version   : HCANN000001: Hibernate Commons Annotations {5.1.2.Final}
2020-12-06 11:46:21.300  INFO 5732 --- [task-1] com.zaxxer.hikari.HikariDataSource       : HikariPool-1 - Starting...
2020-12-06 11:46:21.458  INFO 5732 --- [restartedMain] o.s.b.d.a.OptionalLiveReloadServer       : LiveReload server is running on port 35729
2020-12-06 11:46:21.541  INFO 5732 --- [restartedMain] o.s.b.w.embedded.tomcat.TomcatWebServer  : Tomcat started on port(s): 8082 (http) with context path '/api'
2020-12-06 11:46:21.547  INFO 5732 --- [restartedMain] DeferredRepositoryInitializationListener : Triggering deferred initialization of Spring Data repositories…
2020-12-06 11:46:21.749  INFO 5732 --- [http-nio-8082-exec-1] o.a.c.c.C.[Tomcat].[localhost].[/api]    : Initializing Spring DispatcherServlet 'dispatcherServlet'
2020-12-06 11:46:21.750  INFO 5732 --- [http-nio-8082-exec-1] o.s.web.servlet.DispatcherServlet        : Initializing Servlet 'dispatcherServlet'
2020-12-06 11:46:21.753  INFO 5732 --- [http-nio-8082-exec-1] o.s.web.servlet.DispatcherServlet        : Completed initialization in 2 ms
2020-12-06 11:46:22.654  INFO 5732 --- [task-1] com.zaxxer.hikari.HikariDataSource       : HikariPool-1 - Start completed.
2020-12-06 11:46:22.746  INFO 5732 --- [task-1] org.hibernate.dialect.Dialect            : HHH000400: Using dialect: org.hibernate.dialect.SQLServer2012Dialect
2020-12-06 11:46:24.851  INFO 5732 --- [task-1] o.h.e.t.j.p.i.JtaPlatformInitiator       : HHH000490: Using JtaPlatform implementation: [org.hibernate.engine.transaction.jta.platform.internal.NoJtaPlatform]
2020-12-06 11:46:24.874  INFO 5732 --- [task-1] j.LocalContainerEntityManagerFactoryBean : Initialized JPA EntityManagerFactory for persistence unit 'default'
2020-12-06 11:46:26.114  INFO 5732 --- [restartedMain] DeferredRepositoryInitializationListener : Spring Data repositories initialized!
2020-12-06 11:46:26.134  INFO 5732 --- [restartedMain] com.udemy.SpringBootLabApplication       : Started SpringBootLabApplication in 11.211 seconds (JVM running for 12.41)
2020-12-06 11:50:13.314  INFO 5732 --- [Thread-6] j.LocalContainerEntityManagerFactoryBean : Closing JPA EntityManagerFactory for persistence unit 'default'
2020-12-06 11:50:13.319  INFO 5732 --- [Thread-6] o.s.s.concurrent.ThreadPoolTaskExecutor  : Shutting down ExecutorService 'applicationTaskExecutor'
2020-12-06 11:50:13.322  INFO 5732 --- [Thread-6] com.zaxxer.hikari.HikariDataSource       : HikariPool-1 - Shutdown initiated...
2020-12-06 11:50:13.329  INFO 5732 --- [Thread-6] com.zaxxer.hikari.HikariDataSource       : HikariPool-1 - Shutdown completed.
